
> frontend@0.1.0 start
> react-scripts start

(node:19297) [DEP_WEBPACK_DEV_SERVER_ON_AFTER_SETUP_MIDDLEWARE] DeprecationWarning: 'onAfterSetupMiddleware' option is deprecated. Please use the 'setupMiddlewares' option.
(Use `node --trace-deprecation ...` to show where the warning was created)
(node:19297) [DEP_WEBPACK_DEV_SERVER_ON_BEFORE_SETUP_MIDDLEWARE] DeprecationWarning: 'onBeforeSetupMiddleware' option is deprecated. Please use the 'setupMiddlewares' option.
Starting the development server...

Compiled successfully!

You can now view frontend in the browser.

  Local:            http://localhost:3000
  On Your Network:  http://192.168.1.137:3000

Note that the development build is not optimized.
To create a production build, use npm run build.

webpack compiled successfully
Files successfully emitted, waiting for typecheck results...
Issues checking in progress...
No issues found.
Compiling...
Compiled successfully!
webpack compiled successfully
No issues found.
Compiling...
Compiled successfully!
webpack compiled successfully
No issues found.
Compiling...
Compiled successfully!
webpack compiled successfully
No issues found.
Compiling...
Compiled with warnings.

[eslint] 
src/pages/Home.tsx
  Line 21:6:  React Hook useEffect has a missing dependency: 'testimonials.length'. Either include it or remove the dependency array  react-hooks/exhaustive-deps

Search for the keywords to learn more about each warning.
To ignore, add // eslint-disable-next-line to the line before.

WARNING in [eslint] 
src/pages/Home.tsx
  Line 21:6:  React Hook useEffect has a missing dependency: 'testimonials.length'. Either include it or remove the dependency array  react-hooks/exhaustive-deps

webpack compiled with 1 warning
No issues found.
Compiling...
Compiled with warnings.

[eslint] 
src/pages/Home.tsx
  Line 21:6:  React Hook useEffect has a missing dependency: 'testimonials.length'. Either include it or remove the dependency array  react-hooks/exhaustive-deps

Search for the keywords to learn more about each warning.
To ignore, add // eslint-disable-next-line to the line before.

WARNING in [eslint] 
src/pages/Home.tsx
  Line 21:6:  React Hook useEffect has a missing dependency: 'testimonials.length'. Either include it or remove the dependency array  react-hooks/exhaustive-deps

webpack compiled with 1 warning
No issues found.
Compiling...
Compiled with warnings.

[eslint] 
src/pages/Home.tsx
  Line 21:6:  React Hook useEffect has a missing dependency: 'testimonials.length'. Either include it or remove the dependency array  react-hooks/exhaustive-deps

Search for the keywords to learn more about each warning.
To ignore, add // eslint-disable-next-line to the line before.

WARNING in [eslint] 
src/pages/Home.tsx
  Line 21:6:  React Hook useEffect has a missing dependency: 'testimonials.length'. Either include it or remove the dependency array  react-hooks/exhaustive-deps

webpack compiled with 1 warning
No issues found.
Compiling...
Compiled with warnings.

[eslint] 
src/pages/Home.tsx
  Line 21:6:  React Hook useEffect has a missing dependency: 'testimonials.length'. Either include it or remove the dependency array  react-hooks/exhaustive-deps

Search for the keywords to learn more about each warning.
To ignore, add // eslint-disable-next-line to the line before.

WARNING in [eslint] 
src/pages/Home.tsx
  Line 21:6:  React Hook useEffect has a missing dependency: 'testimonials.length'. Either include it or remove the dependency array  react-hooks/exhaustive-deps

webpack compiled with 1 warning
No issues found.
Compiling...
Compiled with warnings.

[eslint] 
src/pages/Home.tsx
  Line 21:6:  React Hook useEffect has a missing dependency: 'testimonials.length'. Either include it or remove the dependency array  react-hooks/exhaustive-deps

Search for the keywords to learn more about each warning.
To ignore, add // eslint-disable-next-line to the line before.

WARNING in [eslint] 
src/pages/Home.tsx
  Line 21:6:  React Hook useEffect has a missing dependency: 'testimonials.length'. Either include it or remove the dependency array  react-hooks/exhaustive-deps

webpack compiled with 1 warning
No issues found.
Compiling...
Compiled with warnings.

[eslint] 
src/pages/Home.tsx
  Line 21:6:  React Hook useEffect has a missing dependency: 'testimonials.length'. Either include it or remove the dependency array  react-hooks/exhaustive-deps

Search for the keywords to learn more about each warning.
To ignore, add // eslint-disable-next-line to the line before.

WARNING in [eslint] 
src/pages/Home.tsx
  Line 21:6:  React Hook useEffect has a missing dependency: 'testimonials.length'. Either include it or remove the dependency array  react-hooks/exhaustive-deps

webpack compiled with 1 warning
No issues found.
Failed to compile.

Module not found: Error: Can't resolve '/Users/aliyilmaz/Desktop/law_website/frontend/node_modules/@pmmmwh/react-refresh-webpack-plugin/client/ReactRefreshEntry.js' in '/Users/aliyilmaz/Desktop/law_website/frontend'
WARNING in [eslint] 
src/pages/Home.tsx
  Line 21:6:  React Hook useEffect has a missing dependency: 'testimonials.length'. Either include it or remove the dependency array  react-hooks/exhaustive-deps

ERROR in Module not found: Error: Can't resolve '/Users/aliyilmaz/Desktop/law_website/frontend/node_modules/@pmmmwh/react-refresh-webpack-plugin/client/ReactRefreshEntry.js' in '/Users/aliyilmaz/Desktop/law_website/frontend'

ERROR in Module not found: Error: Can't resolve '/Users/aliyilmaz/Desktop/law_website/frontend/node_modules/webpack-dev-server/client/index.js?protocol=ws%3A&hostname=0.0.0.0&port=3000&pathname=%2Fws&logging=none&overlay=%7B%22errors%22%3Atrue%2C%22warnings%22%3Afalse%7D&reconnect=10&hot=true&live-reload=true' in '/Users/aliyilmaz/Desktop/law_website/frontend'

ERROR in Module not found: Error: Can't resolve '/Users/aliyilmaz/Desktop/law_website/frontend/node_modules/webpack/hot/dev-server.js' in '/Users/aliyilmaz/Desktop/law_website/frontend'

ERROR in main
Module not found: Error: Can't resolve '/Users/aliyilmaz/Desktop/law_website/frontend/src/index.tsx' in '/Users/aliyilmaz/Desktop/law_website/frontend'

ERROR in Error: Child compilation failed:
  Module not found: Error: Can't resolve '/Users/aliyilmaz/Desktop/law_website/f  rontend/node_modules/html-webpack-plugin/lib/loader.js' in '/Users/aliyilmaz/D  esktop/law_website/frontend'
  ModuleNotFoundError: Module not found: Error: Can't resolve '/Users/aliyilmaz/  Desktop/law_website/frontend/node_modules/html-webpack-plugin/lib/loader.js' i  n '/Users/aliyilmaz/Desktop/law_website/frontend'
      at /Users/aliyilmaz/Desktop/law_website/frontend/node_modules/webpack/lib/  Compilation.js:2237:28
      at /Users/aliyilmaz/Desktop/law_website/frontend/node_modules/webpack/lib/  NormalModuleFactory.js:949:13
      at eval (eval at create (/Users/aliyilmaz/Desktop/law_website/frontend/nod  e_modules/tapable/lib/HookCodeFactory.js:33:10), <anonymous>:10:1)
      at /Users/aliyilmaz/Desktop/law_website/frontend/node_modules/webpack/lib/  NormalModuleFactory.js:347:22
      at eval (eval at create (/Users/aliyilmaz/Desktop/law_website/frontend/nod  e_modules/tapable/lib/HookCodeFactory.js:33:10), <anonymous>:9:1)
      at /Users/aliyilmaz/Desktop/law_website/frontend/node_modules/webpack/lib/  NormalModuleFactory.js:532:22
      at /Users/aliyilmaz/Desktop/law_website/frontend/node_modules/webpack/lib/  NormalModuleFactory.js:167:10
      at /Users/aliyilmaz/Desktop/law_website/frontend/node_modules/webpack/lib/  NormalModuleFactory.js:769:23
      at /Users/aliyilmaz/Desktop/law_website/frontend/node_modules/neo-async/as  ync.js:2830:7
      at done (/Users/aliyilmaz/Desktop/law_website/frontend/node_modules/neo-as  ync/async.js:2925:13)
      at /Users/aliyilmaz/Desktop/law_website/frontend/node_modules/webpack/lib/  NormalModuleFactory.js:1216:23
      at finishWithoutResolve (/Users/aliyilmaz/Desktop/law_website/frontend/nod  e_modules/enhanced-resolve/lib/Resolver.js:570:11)
      at /Users/aliyilmaz/Desktop/law_website/frontend/node_modules/enhanced-res  olve/lib/Resolver.js:659:14
      at /Users/aliyilmaz/Desktop/law_website/frontend/node_modules/enhanced-res  olve/lib/Resolver.js:720:5
      at eval (eval at create (/Users/aliyilmaz/Desktop/law_website/frontend/nod  e_modules/tapable/lib/HookCodeFactory.js:33:10), <anonymous>:16:1)
      at /Users/aliyilmaz/Desktop/law_website/frontend/node_modules/enhanced-res  olve/lib/Resolver.js:720:5
      at eval (eval at create (/Users/aliyilmaz/Desktop/law_website/frontend/nod  e_modules/tapable/lib/HookCodeFactory.js:33:10), <anonymous>:27:1)
      at /Users/aliyilmaz/Desktop/law_website/frontend/node_modules/enhanced-res  olve/lib/DescriptionFilePlugin.js:89:43
      at /Users/aliyilmaz/Desktop/law_website/frontend/node_modules/enhanced-res  olve/lib/Resolver.js:720:5
      at eval (eval at create (/Users/aliyilmaz/Desktop/law_website/frontend/nod  e_modules/tapable/lib/HookCodeFactory.js:33:10), <anonymous>:15:1)
      at /Users/aliyilmaz/Desktop/law_website/frontend/node_modules/enhanced-res  olve/lib/Resolver.js:720:5
      at eval (eval at create (/Users/aliyilmaz/Desktop/law_website/frontend/nod  e_modules/tapable/lib/HookCodeFactory.js:33:10), <anonymous>:15:1)
      at /Users/aliyilmaz/Desktop/law_website/frontend/node_modules/enhanced-res  olve/lib/Resolver.js:720:5
      at eval (eval at create (/Users/aliyilmaz/Desktop/law_website/frontend/nod  e_modules/tapable/lib/HookCodeFactory.js:33:10), <anonymous>:16:1)
      at /Users/aliyilmaz/Desktop/law_website/frontend/node_modules/enhanced-res  olve/lib/Resolver.js:720:5
      at eval (eval at create (/Users/aliyilmaz/Desktop/law_website/frontend/nod  e_modules/tapable/lib/HookCodeFactory.js:33:10), <anonymous>:27:1)
      at /Users/aliyilmaz/Desktop/law_website/frontend/node_modules/enhanced-res  olve/lib/DescriptionFilePlugin.js:89:43
      at /Users/aliyilmaz/Desktop/law_website/frontend/node_modules/enhanced-res  olve/lib/Resolver.js:720:5
      at eval (eval at create (/Users/aliyilmaz/Desktop/law_website/frontend/nod  e_modules/tapable/lib/HookCodeFactory.js:33:10), <anonymous>:16:1)
      at /Users/aliyilmaz/Desktop/law_website/frontend/node_modules/enhanced-res  olve/lib/Resolver.js:720:5
      at eval (eval at create (/Users/aliyilmaz/Desktop/law_website/frontend/nod  e_modules/tapable/lib/HookCodeFactory.js:33:10), <anonymous>:15:1)
      at /Users/aliyilmaz/Desktop/law_website/frontend/node_modules/enhanced-res  olve/lib/DirectoryExistsPlugin.js:43:15
      at process.processTicksAndRejections (node:internal/process/task_queues:89  :21)
  
  - Compilation.js:2237 
    [frontend]/[webpack]/lib/Compilation.js:2237:28
  
  - NormalModuleFactory.js:949 
    [frontend]/[webpack]/lib/NormalModuleFactory.js:949:13
  
  
  - NormalModuleFactory.js:347 
    [frontend]/[webpack]/lib/NormalModuleFactory.js:347:22
  
  
  - NormalModuleFactory.js:532 
    [frontend]/[webpack]/lib/NormalModuleFactory.js:532:22
  
  - NormalModuleFactory.js:167 
    [frontend]/[webpack]/lib/NormalModuleFactory.js:167:10
  
  - NormalModuleFactory.js:769 
    [frontend]/[webpack]/lib/NormalModuleFactory.js:769:23
  
  - async.js:2830 
    [frontend]/[neo-async]/async.js:2830:7
  
  - async.js:2925 done
    [frontend]/[neo-async]/async.js:2925:13
  
  - NormalModuleFactory.js:1216 
    [frontend]/[webpack]/lib/NormalModuleFactory.js:1216:23
  
  - Resolver.js:570 finishWithoutResolve
    [frontend]/[enhanced-resolve]/lib/Resolver.js:570:11
  
  - Resolver.js:659 
    [frontend]/[enhanced-resolve]/lib/Resolver.js:659:14
  
  - Resolver.js:720 
    [frontend]/[enhanced-resolve]/lib/Resolver.js:720:5
  
  
  - Resolver.js:720 
    [frontend]/[enhanced-resolve]/lib/Resolver.js:720:5
  
  
  - DescriptionFilePlugin.js:89 
    [frontend]/[enhanced-resolve]/lib/DescriptionFilePlugin.js:89:43
  
  - Resolver.js:720 
    [frontend]/[enhanced-resolve]/lib/Resolver.js:720:5
  
  
  - Resolver.js:720 
    [frontend]/[enhanced-resolve]/lib/Resolver.js:720:5
  
  
  - Resolver.js:720 
    [frontend]/[enhanced-resolve]/lib/Resolver.js:720:5
  
  
  - Resolver.js:720 
    [frontend]/[enhanced-resolve]/lib/Resolver.js:720:5
  
  
  - DescriptionFilePlugin.js:89 
    [frontend]/[enhanced-resolve]/lib/DescriptionFilePlugin.js:89:43
  
  - Resolver.js:720 
    [frontend]/[enhanced-resolve]/lib/Resolver.js:720:5
  
  
  - Resolver.js:720 
    [frontend]/[enhanced-resolve]/lib/Resolver.js:720:5
  
  
  - DirectoryExistsPlugin.js:43 
    [frontend]/[enhanced-resolve]/lib/DirectoryExistsPlugin.js:43:15
  
  - task_queues:89 process.processTicksAndRejections
    node:internal/process/task_queues:89:21
  
  - child-compiler.js:211 
    [frontend]/[html-webpack-plugin]/lib/child-compiler.js:211:18
  
  - Compiler.js:650 finalCallback
    [frontend]/[webpack]/lib/Compiler.js:650:5
  
  - Compiler.js:686 
    [frontend]/[webpack]/lib/Compiler.js:686:11
  
  - Compiler.js:1377 
    [frontend]/[webpack]/lib/Compiler.js:1377:17
  
  
  - task_queues:105 process.processTicksAndRejections
    node:internal/process/task_queues:105:5

1 ERROR in child compilations (Use 'stats.children: true' resp. '--stats-children' for more details)
webpack compiled with 6 errors and 1 warning
No issues found.
